android/app/build/intermediates/manifest_merge_blame_file/debug/manifest-merger-blame-debug-report.txt
1<?xml version="1.0" encoding="utf-8"?>
2<manifest xmlns:android="http://schemas.android.com/apk/res/android"
3    package="com.travelify2"
4    android:versionCode="1"
5    android:versionName="1.0" >
6
7    <uses-sdk
8        android:minSdkVersion="21"
9        android:targetSdkVersion="29" />
10
11    <uses-permission android:name="android.permission.SYSTEM_ALERT_WINDOW" />
11-->src/main/AndroidManifest.xml:4:3-75
11-->src/main/AndroidManifest.xml:4:20-73
12    <uses-permission android:name="android.permission.INTERNET" />
12-->src/main/AndroidManifest.xml:2:3-64
12-->src/main/AndroidManifest.xml:2:20-62
13    <uses-permission android:name="android.permission.READ_PHONE_STATE" />
13-->src/main/AndroidManifest.xml:5:3-72
13-->src/main/AndroidManifest.xml:5:20-70
14    <uses-permission android:name="android.permission.USE_FINGERPRINT" />
14-->src/main/AndroidManifest.xml:6:3-71
14-->src/main/AndroidManifest.xml:6:20-69
15    <uses-permission android:name="android.permission.USE_BIOMETRIC" />
15-->src/main/AndroidManifest.xml:7:3-69
15-->src/main/AndroidManifest.xml:7:20-67
16    <uses-permission android:name="android.permission.VIBRATE" />
16-->src/main/AndroidManifest.xml:8:3-63
16-->src/main/AndroidManifest.xml:8:20-61
17    <uses-permission android:name="android.permission.MODIFY_AUDIO_SETTINGS" /> <!-- These require runtime permissions on M -->
17-->src/main/AndroidManifest.xml:9:3-77
17-->src/main/AndroidManifest.xml:9:20-75
18    <uses-permission android:name="android.permission.ACCESS_COARSE_LOCATION" />
18-->src/main/AndroidManifest.xml:11:3-78
18-->src/main/AndroidManifest.xml:11:20-76
19    <uses-permission android:name="android.permission.ACCESS_FINE_LOCATION" />
19-->src/main/AndroidManifest.xml:12:3-76
19-->src/main/AndroidManifest.xml:12:20-74
20    <uses-permission android:name="android.permission.ACCESS_BACKGROUND_LOCATION" />
20-->src/main/AndroidManifest.xml:13:3-82
20-->src/main/AndroidManifest.xml:13:20-80
21    <uses-permission android:name="android.permission.CAMERA" />
21-->src/main/AndroidManifest.xml:14:3-62
21-->src/main/AndroidManifest.xml:14:20-60
22    <uses-permission android:name="android.permission.RECORD_AUDIO" />
22-->src/main/AndroidManifest.xml:15:3-68
22-->src/main/AndroidManifest.xml:15:20-66
23    <uses-permission android:name="android.permission.READ_CONTACTS" />
23-->src/main/AndroidManifest.xml:16:3-69
23-->src/main/AndroidManifest.xml:16:20-67
24    <uses-permission android:name="android.permission.WRITE_CONTACTS" />
24-->src/main/AndroidManifest.xml:17:3-70
24-->src/main/AndroidManifest.xml:17:20-68
25    <uses-permission android:name="android.permission.READ_CALENDAR" />
25-->src/main/AndroidManifest.xml:18:3-69
25-->src/main/AndroidManifest.xml:18:20-67
26    <uses-permission android:name="android.permission.WRITE_CALENDAR" />
26-->src/main/AndroidManifest.xml:19:3-70
26-->src/main/AndroidManifest.xml:19:20-68
27    <uses-permission android:name="android.permission.READ_EXTERNAL_STORAGE" />
27-->src/main/AndroidManifest.xml:20:3-77
27-->src/main/AndroidManifest.xml:20:20-75
28    <uses-permission android:name="android.permission.WRITE_EXTERNAL_STORAGE" />
28-->src/main/AndroidManifest.xml:21:3-78
28-->src/main/AndroidManifest.xml:21:20-76
29    <uses-permission android:name="android.permission.WRITE_SETTINGS" />
29-->src/main/AndroidManifest.xml:22:3-70
29-->src/main/AndroidManifest.xml:22:20-68
30    <uses-permission android:name="android.permission.ACCESS_WIFI_STATE" />
30-->[com.facebook.flipper:flipper:0.54.0] AndroidManifest.xml:16:5-76
30-->[com.facebook.flipper:flipper:0.54.0] AndroidManifest.xml:16:22-73
31    <uses-permission android:name="android.permission.ACCESS_NETWORK_STATE" />
31-->[:expo-updates] AndroidManifest.xml:11:5-79
31-->[:expo-updates] AndroidManifest.xml:11:22-76
32    <uses-permission android:name="android.permission.FOREGROUND_SERVICE" />
32-->[:expo-location] AndroidManifest.xml:14:5-77
32-->[:expo-location] AndroidManifest.xml:14:22-74
33
34    <uses-feature
34-->[com.google.android.gms:play-services-maps:17.0.0] AndroidManifest.xml:26:5-28:35
35        android:glEsVersion="0x00020000"
35-->[com.google.android.gms:play-services-maps:17.0.0] AndroidManifest.xml:27:9-41
36        android:required="true" />
36-->[com.google.android.gms:play-services-maps:17.0.0] AndroidManifest.xml:28:9-32
37
38    <uses-permission android:name="com.google.android.providers.gsf.permission.READ_GSERVICES" />
38-->[io.nlopez.smartlocation:library:3.2.11] AndroidManifest.xml:15:5-98
38-->[io.nlopez.smartlocation:library:3.2.11] AndroidManifest.xml:15:22-95
39    <uses-permission android:name="com.google.android.gms.permission.ACTIVITY_RECOGNITION" />
39-->[io.nlopez.smartlocation:library:3.2.11] AndroidManifest.xml:16:5-94
39-->[io.nlopez.smartlocation:library:3.2.11] AndroidManifest.xml:16:22-91
40
41    <application
41-->src/main/AndroidManifest.xml:24:3-52:17
42        android:name="com.travelify2.MainApplication"
42-->src/main/AndroidManifest.xml:25:5-36
43        android:allowBackup="true"
43-->src/main/AndroidManifest.xml:29:5-31
44        android:appComponentFactory="androidx.core.app.CoreComponentFactory"
44-->[androidx.core:core:1.3.1] AndroidManifest.xml:24:18-86
45        android:debuggable="true"
46        android:icon="@mipmap/ic_launcher"
46-->src/main/AndroidManifest.xml:27:5-39
47        android:label="@string/app_name"
47-->src/main/AndroidManifest.xml:26:5-37
48        android:roundIcon="@mipmap/ic_launcher_round"
48-->src/main/AndroidManifest.xml:28:5-50
49        android:testOnly="true"
50        android:theme="@style/AppTheme"
50-->src/main/AndroidManifest.xml:30:5-36
51        android:usesCleartextTraffic="true" >
51-->src/debug/AndroidManifest.xml:6:18-53
52        <meta-data
52-->src/main/AndroidManifest.xml:33:5-103
53            android:name="expo.modules.updates.EXPO_UPDATE_URL"
53-->src/main/AndroidManifest.xml:33:16-67
54            android:value="YOUR-APP-URL-HERE" />
54-->src/main/AndroidManifest.xml:33:68-101
55        <meta-data
55-->src/main/AndroidManifest.xml:34:5-112
56            android:name="expo.modules.updates.EXPO_SDK_VERSION"
56-->src/main/AndroidManifest.xml:34:16-68
57            android:value="YOUR-APP-SDK-VERSION-HERE" />
57-->src/main/AndroidManifest.xml:34:69-110
58        <meta-data
58-->src/main/AndroidManifest.xml:35:5-37:67
59            android:name="com.google.android.geo.API_KEY"
59-->src/main/AndroidManifest.xml:36:9-54
60            android:value="AIzaSyCgbKilqEjnzUREvvqUib9VgEbVI6RE8ro" />
60-->src/main/AndroidManifest.xml:37:9-64
61
62        <activity
62-->src/main/AndroidManifest.xml:38:5-50:16
63            android:name="com.travelify2.MainActivity"
63-->src/main/AndroidManifest.xml:39:7-35
64            android:configChanges="keyboard|keyboardHidden|orientation|screenSize|uiMode"
64-->src/main/AndroidManifest.xml:41:7-84
65            android:label="@string/app_name"
65-->src/main/AndroidManifest.xml:40:7-39
66            android:launchMode="singleTask"
66-->src/main/AndroidManifest.xml:42:7-38
67            android:theme="@style/Theme.App.SplashScreen"
67-->src/main/AndroidManifest.xml:44:7-52
68            android:windowSoftInputMode="adjustPan" >
68-->src/main/AndroidManifest.xml:43:7-46
69            <intent-filter>
69-->src/main/AndroidManifest.xml:46:7-49:23
70                <action android:name="android.intent.action.MAIN" />
70-->src/main/AndroidManifest.xml:47:9-60
70-->src/main/AndroidManifest.xml:47:17-58
71
72                <category android:name="android.intent.category.LAUNCHER" />
72-->src/main/AndroidManifest.xml:48:9-68
72-->src/main/AndroidManifest.xml:48:19-66
73            </intent-filter>
74        </activity>
75        <activity android:name="com.facebook.react.devsupport.DevSettingsActivity" />
75-->src/main/AndroidManifest.xml:51:5-81
75-->src/main/AndroidManifest.xml:51:15-79
76
77        <meta-data
77-->[:unimodules-react-native-adapter] AndroidManifest.xml:12:9-14:91
78            android:name="org.unimodules.core.AppLoader#react-native-headless"
78-->[:unimodules-react-native-adapter] AndroidManifest.xml:13:13-79
79            android:value="org.unimodules.adapters.react.apploader.RNHeadlessAppLoader" />
79-->[:unimodules-react-native-adapter] AndroidManifest.xml:14:13-88
80
81        <provider
81-->[:react-native-image-picker] AndroidManifest.xml:12:9-20:20
82            android:name="com.imagepicker.ImagePickerProvider"
82-->[:react-native-image-picker] AndroidManifest.xml:13:13-63
83            android:authorities="com.travelify2.imagepickerprovider"
83-->[:react-native-image-picker] AndroidManifest.xml:14:13-71
84            android:exported="false"
84-->[:react-native-image-picker] AndroidManifest.xml:15:13-37
85            android:grantUriPermissions="true" >
85-->[:react-native-image-picker] AndroidManifest.xml:16:13-47
86            <meta-data
86-->[:react-native-image-picker] AndroidManifest.xml:17:13-19:70
87                android:name="android.support.FILE_PROVIDER_PATHS"
87-->[:react-native-image-picker] AndroidManifest.xml:18:17-67
88                android:resource="@xml/imagepicker_provider_paths" />
88-->[:react-native-image-picker] AndroidManifest.xml:19:17-67
89        </provider>
90        <provider
90-->[:expo-file-system] AndroidManifest.xml:17:9-26:20
91            android:name="expo.modules.filesystem.FileSystemFileProvider"
91-->[:expo-file-system] AndroidManifest.xml:18:13-74
92            android:authorities="com.travelify2.FileSystemFileProvider"
92-->[:expo-file-system] AndroidManifest.xml:19:13-74
93            android:exported="false"
93-->[:expo-file-system] AndroidManifest.xml:20:13-37
94            android:grantUriPermissions="true" >
94-->[:expo-file-system] AndroidManifest.xml:21:13-47
95            <meta-data
95-->[:react-native-image-picker] AndroidManifest.xml:17:13-19:70
96                android:name="android.support.FILE_PROVIDER_PATHS"
96-->[:react-native-image-picker] AndroidManifest.xml:18:17-67
97                android:resource="@xml/file_system_provider_paths" />
97-->[:react-native-image-picker] AndroidManifest.xml:19:17-67
98        </provider>
99
100        <service
100-->[:expo-location] AndroidManifest.xml:17:9-19:40
101            android:name="expo.modules.location.services.LocationTaskService"
101-->[:expo-location] AndroidManifest.xml:18:13-78
102            android:exported="false" />
102-->[:expo-location] AndroidManifest.xml:19:13-37
103        <service
103-->[androidx.room:room-runtime:2.1.0] AndroidManifest.xml:25:9-27:40
104            android:name="androidx.room.MultiInstanceInvalidationService"
104-->[androidx.room:room-runtime:2.1.0] AndroidManifest.xml:26:13-74
105            android:exported="false" /> <!-- Needs to be explicitly declared on P+ -->
105-->[androidx.room:room-runtime:2.1.0] AndroidManifest.xml:27:13-37
106        <uses-library
106-->[com.google.android.gms:play-services-maps:17.0.0] AndroidManifest.xml:33:9-35:40
107            android:name="org.apache.http.legacy"
107-->[com.google.android.gms:play-services-maps:17.0.0] AndroidManifest.xml:34:13-50
108            android:required="false" />
108-->[com.google.android.gms:play-services-maps:17.0.0] AndroidManifest.xml:35:13-37
109
110        <activity
110-->[com.google.android.gms:play-services-base:17.0.0] AndroidManifest.xml:23:9-26:75
111            android:name="com.google.android.gms.common.api.GoogleApiActivity"
111-->[com.google.android.gms:play-services-base:17.0.0] AndroidManifest.xml:24:13-79
112            android:exported="false"
112-->[com.google.android.gms:play-services-base:17.0.0] AndroidManifest.xml:25:13-37
113            android:theme="@android:style/Theme.Translucent.NoTitleBar" />
113-->[com.google.android.gms:play-services-base:17.0.0] AndroidManifest.xml:26:13-72
114
115        <meta-data
115-->[com.google.android.gms:play-services-basement:17.0.0] AndroidManifest.xml:23:9-25:69
116            android:name="com.google.android.gms.version"
116-->[com.google.android.gms:play-services-basement:17.0.0] AndroidManifest.xml:24:13-58
117            android:value="@integer/google_play_services_version" />
117-->[com.google.android.gms:play-services-basement:17.0.0] AndroidManifest.xml:25:13-66
118
119        <service
119-->[io.nlopez.smartlocation:library:3.2.11] AndroidManifest.xml:19:9-21:40
120            android:name="io.nlopez.smartlocation.activity.providers.ActivityGooglePlayServicesProvider$ActivityRecognitionService"
120-->[io.nlopez.smartlocation:library:3.2.11] AndroidManifest.xml:20:13-132
121            android:exported="false" />
121-->[io.nlopez.smartlocation:library:3.2.11] AndroidManifest.xml:21:13-37
122        <service
122-->[io.nlopez.smartlocation:library:3.2.11] AndroidManifest.xml:22:9-24:40
123            android:name="io.nlopez.smartlocation.geofencing.providers.GeofencingGooglePlayServicesProvider$GeofencingService"
123-->[io.nlopez.smartlocation:library:3.2.11] AndroidManifest.xml:23:13-127
124            android:exported="false" />
124-->[io.nlopez.smartlocation:library:3.2.11] AndroidManifest.xml:24:13-37
125        <service
125-->[io.nlopez.smartlocation:library:3.2.11] AndroidManifest.xml:25:9-27:40
126            android:name="io.nlopez.smartlocation.geocoding.providers.AndroidGeocodingProvider$AndroidGeocodingService"
126-->[io.nlopez.smartlocation:library:3.2.11] AndroidManifest.xml:26:13-120
127            android:exported="false" />
127-->[io.nlopez.smartlocation:library:3.2.11] AndroidManifest.xml:27:13-37
128    </application>
129
130</manifest>